*DISPLACEMENTS
1 [0.] [0.]
2 [1.48742718e-05] [0.]
3 [1.95786024e-05] [0.]
4 [2.4282933e-05] [0.]
5 [2.4282933e-05] [1.6445789e-05]
6 [2.74571698e-05] [1.66681285e-05]
7 [2.98360255e-05] [1.3803184e-05]
8 [2.96145586e-05] [9.40800781e-06]
9 [2.93930916e-05] [1.6445789e-05]
10 [5.06824358e-05] [3.0839741e-05]
11 [5.26928629e-05] [1.88160156e-05]
12 [7.19564174e-05] [3.14666789e-05]
13 [8.25549807e-05] [3.06777279e-05]
14 [9.7792441e-05] [5.0513663e-05]

*REACTION_FORCES
1 FY 0
2 FY 1
3 FY 1
4 FY 1
5 FY 1

*ELEMENT_STRAINS
1 4.958090603795277e-06
2 1.5681101944569791e-06
3 1.5681101944569836e-06
4 -5.6468863150286684e-21
5 7.354216382687488e-06
6 5.556042824997279e-06
7 4.794156271065326e-06
8 4.601061321550796e-06
9 1.3750152449424525e-06
10 3.1360026032565336e-06
11 3.5926579492390473e-06
12 -5.6468863150286684e-21
13 7.92951883997438e-07
14 -7.382230643235215e-08
15 -7.382230643234876e-08
16 6.232813074029036e-06
17 5.678852338988382e-06
18 4.644944841743654e-06
19 3.1360026032565256e-06
20 -3.4882574422767957e-06
21 5.006963290349066e-06
22 6.701423700063128e-07
23 6.42118485779909e-06
24 5.285088645645265e-06
25 3.9539041071325794e-06
26 -1.897919033379497e-06
27 6.348994708994723e-06
28 5.079153439153429e-06

*ELEMENT_STRESSES
1 1041199.0267970081
2 329303.14083596563
3 329303.14083596657
4 -1.1858461261560203e-09
5 1544385.4403643725
6 1166768.9932494287
7 1006772.8169237184
8 966222.8775256672
9 288753.20143791504
10 658560.546683872
11 754458.1693401999
12 -1.1858461261560203e-09
13 166519.89563946196
14 -15502.68435079395
15 -15502.684350793239
16 1308890.7455460976
17 1192558.9911875601
18 975438.4167661674
19 658560.5466838704
20 -732534.0628781271
21 1051462.2909733038
22 140729.8977013257
23 1348448.820137809
24 1109868.6155855057
25 830319.8624978417
26 -398562.99700969434
27 1333288.8888888918
28 1066622.2222222202

